----------------------------------------------------------------
Sat Jul 10 16:55:04 IST 2021:
Booting Derby version The Apache Software Foundation - Apache Derby - 10.14.2.0 - (1828579): instance a816c00e-017a-9029-e908-000001bea210 
on database directory memory:C:\Users\cmnjk\OneDrive\Desktop\Pradeep-framework practice\resume\88ba3a2e-c831-4b70-92ea-47d38263e7f7 with class loader jdk.internal.loader.ClassLoaders$AppClassLoader@659e0bfd 
Loaded from file:/C:/Users/cmnjk/.m2/repository/org/apache/derby/derby/10.14.2.0/derby-10.14.2.0.jar
java.vendor=Oracle Corporation
java.runtime.version=16.0.1+9-24
user.dir=C:\Users\cmnjk\OneDrive\Desktop\Pradeep-framework practice\resume
os.name=Windows 10
os.arch=amd64
os.version=10.0
derby.system.home=null
Database Class Loader started - derby.database.classpath=''
----------------------------------------------------------------
Sat Jul 10 20:34:27 IST 2021:
Shutting down instance a816c00e-017a-9029-e908-000001bea210 on database directory memory:C:\Users\cmnjk\OneDrive\Desktop\Pradeep-framework practice\resume\88ba3a2e-c831-4b70-92ea-47d38263e7f7 with class loader jdk.internal.loader.ClassLoaders$AppClassLoader@659e0bfd 
----------------------------------------------------------------
Sat Jul 10 20:34:36 IST 2021:
Booting Derby version The Apache Software Foundation - Apache Derby - 10.14.2.0 - (1828579): instance 6dd780d4-017a-9029-e908-000001bea210 
on database directory memory:C:\Users\cmnjk\OneDrive\Desktop\Pradeep-framework practice\resume\ded21714-0537-4b2c-b6ed-c51f596cb05f with class loader jdk.internal.loader.ClassLoaders$AppClassLoader@659e0bfd 
Loaded from file:/C:/Users/cmnjk/.m2/repository/org/apache/derby/derby/10.14.2.0/derby-10.14.2.0.jar
java.vendor=Oracle Corporation
java.runtime.version=16.0.1+9-24
user.dir=C:\Users\cmnjk\OneDrive\Desktop\Pradeep-framework practice\resume
os.name=Windows 10
os.arch=amd64
os.version=10.0
derby.system.home=null
Database Class Loader started - derby.database.classpath=''
----------------------------------------------------------------
Sat Jul 10 20:34:39 IST 2021:
Shutting down instance 6dd780d4-017a-9029-e908-000001bea210 on database directory memory:C:\Users\cmnjk\OneDrive\Desktop\Pradeep-framework practice\resume\ded21714-0537-4b2c-b6ed-c51f596cb05f with class loader jdk.internal.loader.ClassLoaders$AppClassLoader@659e0bfd 
----------------------------------------------------------------
Sat Jul 10 20:34:41 IST 2021:
Booting Derby version The Apache Software Foundation - Apache Derby - 10.14.2.0 - (1828579): instance 82d70188-017a-9029-e908-000001bea210 
on database directory memory:C:\Users\cmnjk\OneDrive\Desktop\Pradeep-framework practice\resume\c06a7c4b-0bde-4649-bf39-1008bbbbd7a6 with class loader jdk.internal.loader.ClassLoaders$AppClassLoader@659e0bfd 
Loaded from file:/C:/Users/cmnjk/.m2/repository/org/apache/derby/derby/10.14.2.0/derby-10.14.2.0.jar
java.vendor=Oracle Corporation
java.runtime.version=16.0.1+9-24
user.dir=C:\Users\cmnjk\OneDrive\Desktop\Pradeep-framework practice\resume
os.name=Windows 10
os.arch=amd64
os.version=10.0
derby.system.home=null
Database Class Loader started - derby.database.classpath=''
----------------------------------------------------------------
Sat Jul 10 20:38:23 IST 2021:
Shutting down instance 82d70188-017a-9029-e908-000001bea210 on database directory memory:C:\Users\cmnjk\OneDrive\Desktop\Pradeep-framework practice\resume\c06a7c4b-0bde-4649-bf39-1008bbbbd7a6 with class loader jdk.internal.loader.ClassLoaders$AppClassLoader@659e0bfd 
----------------------------------------------------------------
Sat Jul 10 20:38:27 IST 2021:
Booting Derby version The Apache Software Foundation - Apache Derby - 10.14.2.0 - (1828579): instance b77a823c-017a-9029-e908-000001bea210 
on database directory memory:C:\Users\cmnjk\OneDrive\Desktop\Pradeep-framework practice\resume\b7bb3236-9d77-428e-8165-e1b041bc80ab with class loader jdk.internal.loader.ClassLoaders$AppClassLoader@659e0bfd 
Loaded from file:/C:/Users/cmnjk/.m2/repository/org/apache/derby/derby/10.14.2.0/derby-10.14.2.0.jar
java.vendor=Oracle Corporation
java.runtime.version=16.0.1+9-24
user.dir=C:\Users\cmnjk\OneDrive\Desktop\Pradeep-framework practice\resume
os.name=Windows 10
os.arch=amd64
os.version=10.0
derby.system.home=null
Database Class Loader started - derby.database.classpath=''
----------------------------------------------------------------
Sat Jul 10 20:49:33 IST 2021:
Shutting down instance b77a823c-017a-9029-e908-000001bea210 on database directory memory:C:\Users\cmnjk\OneDrive\Desktop\Pradeep-framework practice\resume\b7bb3236-9d77-428e-8165-e1b041bc80ab with class loader jdk.internal.loader.ClassLoaders$AppClassLoader@659e0bfd 
